#
# There is insufficient memory for the Java Runtime Environment to continue.
# Native memory allocation (malloc) failed to allocate 1048576 bytes for AllocateHeap
# Possible reasons:
#   The system is out of physical RAM or swap space
#   The process is running with CompressedOops enabled, and the Java Heap may be blocking the growth of the native heap
# Possible solutions:
#   Reduce memory load on the system
#   Increase physical memory or swap space
#   Check if swap backing store is full
#   Decrease Java heap size (-Xmx/-Xms)
#   Decrease number of Java threads
#   Decrease Java thread stack sizes (-Xss)
#   Set larger code cache with -XX:ReservedCodeCacheSize=
#   JVM is running with Unscaled Compressed Oops mode in which the Java heap is
#     placed in the first 4GB address space. The Java Heap base address is the
#     maximum limit for the native heap growth. Please use -XX:HeapBaseMinAddress
#     to set the Java Heap base and to place the Java Heap above 4GB virtual address.
# This output file may be truncated or incomplete.
#
#  Out of Memory Error (allocation.cpp:44), pid=47480, tid=36320
#
# JRE version:  (17.0.2+9) (build )
# Java VM: OpenJDK 64-Bit Server VM (17.0.2+9-LTS, mixed mode, sharing, tiered, compressed oops, compressed class ptrs, g1 gc, windows-amd64)
# No core dump will be written. Minidumps are not enabled by default on client versions of Windows
#

---------------  S U M M A R Y ------------

Command Line: org.jetbrains.kotlin.cli.jvm.K2JVMCompiler @D:\koding\react-native\AwesomeProject\node_modules\@react-native\gradle-plugin\build\20230906_15466967152786642465.compiler.options

Host: 11th Gen Intel(R) Core(TM) i5-1135G7 @ 2.40GHz, 8 cores, 7G,  Windows 11 , 64 bit Build 22000 (10.0.22000.2124)
Time: Wed Sep  6 19:58:19 2023 SE Asia Standard Time elapsed time: 6.032526 seconds (0d 0h 0m 6s)

---------------  T H R E A D  ---------------

Current thread (0x000002367c561af0):  JavaThread "Unknown thread" [_thread_in_vm, id=36320, stack(0x000000cc2db00000,0x000000cc2dc00000)]

Stack: [0x000000cc2db00000,0x000000cc2dc00000]
Native frames: (J=compiled Java code, j=interpreted, Vv=VM code, C=native code)
V  [jvm.dll+0x6454fa]
V  [jvm.dll+0x7f6074]
V  [jvm.dll+0x7f782e]
V  [jvm.dll+0x7f7e83]
V  [jvm.dll+0x2348c8]
V  [jvm.dll+0xb7523]
V  [jvm.dll+0x2d19de]
V  [jvm.dll+0x2c9d80]
V  [jvm.dll+0x7c97c1]
V  [jvm.dll+0x352951]
V  [jvm.dll+0x7a9bee]
V  [jvm.dll+0x3ce233]
V  [jvm.dll+0x3cfc71]
C  [jli.dll+0x51af]
C  [ucrtbase.dll+0x26c0c]
C  [KERNEL32.DLL+0x155a0]
C  [ntdll.dll+0x485b]


---------------  P R O C E S S  ---------------

Threads class SMR info:
_java_thread_list=0x00007fff960f36d8, length=0, elements={
}

Java Threads: ( => current thread )

Other Threads:
  0x000002367c59ef80 GCTaskThread "GC Thread#0" [stack: 0x000000cc2dc00000,0x000000cc2dd00000] [id=48796]

[error occurred during error reporting (printing all threads), id 0xc0000005, EXCEPTION_ACCESS_VIOLATION (0xc0000005) at pc=0x00007fff958e71b0]

VM state: not at safepoint (not fully initialized)

VM Mutex/Monitor currently owned by a thread:  ([mutex/lock_event])
[0x000002367c55ae50] Heap_lock - owner thread: 0x000002367c561af0

Heap address: 0x0000000083200000, size: 1998 MB, Compressed Oops mode: 32-bit

CDS archive(s) mapped at: [0x0000000000000000-0x0000000000000000-0x0000000000000000), size 0, SharedBaseAddress: 0x0000000800000000, ArchiveRelocationMode: 0.
Narrow klass base: 0x0000000000000000, Narrow klass shift: 0, Narrow klass range: 0x0

GC Precious Log:
<Empty>

Heap:
 garbage-first heap   total 0K, used 0K [0x0000000083200000, 0x0000000100000000)
  region size 1024K, 0 young (0K), 0 survivors (0K)

[error occurred during error reporting (printing heap information), id 0xc0000005, EXCEPTION_ACCESS_VIOLATION (0xc0000005) at pc=0x00007fff95cace79]

GC Heap History (0 events):
No events

Deoptimization events (0 events):
No events

Classes unloaded (0 events):
No events

Classes redefined (0 events):
No events

Internal exceptions (0 events):
No events

VM Operations (0 events):
No events

Events (1 events):
Event: 5.531 Loaded shared library C:\Program Files\BellSoft\LibericaJDK-17\bin\java.dll


Dynamic libraries:
0x00007ff6cbd30000 - 0x00007ff6cbd3d000 	C:\Program Files\BellSoft\LibericaJDK-17\bin\java.exe
0x00007ff80e6a0000 - 0x00007ff80e8a9000 	C:\Windows\SYSTEM32\ntdll.dll
0x00007ff80c6b0000 - 0x00007ff80c76e000 	C:\Windows\System32\KERNEL32.DLL
0x00007ff80c160000 - 0x00007ff80c4e4000 	C:\Windows\System32\KERNELBASE.dll
0x0000000076ba0000 - 0x0000000076c35000 	C:\Windows\System32\SYSFER.DLL
0x00007ff80dec0000 - 0x00007ff80df6f000 	C:\Windows\System32\ADVAPI32.dll
0x00007ff80c4f0000 - 0x00007ff80c593000 	C:\Windows\System32\msvcrt.dll
0x00007ff80e1d0000 - 0x00007ff80e26e000 	C:\Windows\System32\sechost.dll
0x00007ff80df70000 - 0x00007ff80e091000 	C:\Windows\System32\RPCRT4.dll
0x00007ff80be70000 - 0x00007ff80bf81000 	C:\Windows\System32\ucrtbase.dll
0x00007ffff13b0000 - 0x00007ffff13c8000 	C:\Program Files\BellSoft\LibericaJDK-17\bin\jli.dll
0x00007ff80e410000 - 0x00007ff80e5bd000 	C:\Windows\System32\USER32.dll
0x00007ff80bb30000 - 0x00007ff80bb56000 	C:\Windows\System32\win32u.dll
0x00007ff80c5a0000 - 0x00007ff80c5ca000 	C:\Windows\System32\GDI32.dll
0x00007ff80bd50000 - 0x00007ff80be6f000 	C:\Windows\System32\gdi32full.dll
0x00007ff80c050000 - 0x00007ff80c0ed000 	C:\Windows\System32\msvcp_win.dll
0x00007ffff4950000 - 0x00007ffff4bf5000 	C:\Windows\WinSxS\amd64_microsoft.windows.common-controls_6595b64144ccf1df_6.0.22000.120_none_9d947278b86cc467\COMCTL32.dll
0x00007ffff0a60000 - 0x00007ffff0a75000 	C:\Program Files\BellSoft\LibericaJDK-17\bin\VCRUNTIME140.dll
0x00007ff80dcd0000 - 0x00007ff80dd01000 	C:\Windows\System32\IMM32.DLL
0x000002367bb20000 - 0x000002367bb34000 	C:\Windows\System32\umppc17212.dll
0x0000000068000000 - 0x0000000068072000 	C:\Windows\System32\QIPCAP64.dll
0x00007ff80d500000 - 0x00007ff80dcc5000 	C:\Windows\System32\SHELL32.dll
0x00007ff80a4b0000 - 0x00007ff80a597000 	C:\Windows\SYSTEM32\DNSAPI.dll
0x00007ff80a480000 - 0x00007ff80a4ad000 	C:\Windows\SYSTEM32\IPHLPAPI.DLL
0x00007ff80deb0000 - 0x00007ff80deb9000 	C:\Windows\System32\NSI.dll
0x00007fffc73d0000 - 0x00007fffc746b000 	C:\Program Files\BellSoft\LibericaJDK-17\bin\msvcp140.dll
0x00007fff95610000 - 0x00007fff96221000 	C:\Program Files\BellSoft\LibericaJDK-17\bin\server\jvm.dll
0x00007ff80d4f0000 - 0x00007ff80d4f8000 	C:\Windows\System32\PSAPI.DLL
0x00007fffef5d0000 - 0x00007fffef5d9000 	C:\Windows\SYSTEM32\WSOCK32.dll
0x00007ff80e0a0000 - 0x00007ff80e10f000 	C:\Windows\System32\WS2_32.dll
0x00007ff803260000 - 0x00007ff803293000 	C:\Windows\SYSTEM32\WINMM.dll
0x00007ffffc010000 - 0x00007ffffc01a000 	C:\Windows\SYSTEM32\VERSION.dll
0x00007ff80abc0000 - 0x00007ff80abd8000 	C:\Windows\SYSTEM32\kernel.appcore.dll
0x00007ff806f00000 - 0x00007ff806f0a000 	C:\Program Files\BellSoft\LibericaJDK-17\bin\jimage.dll
0x00007ff8092b0000 - 0x00007ff8094d1000 	C:\Windows\SYSTEM32\DBGHELP.DLL
0x00007ffff51f0000 - 0x00007ffff5221000 	C:\Windows\SYSTEM32\dbgcore.DLL
0x00007ff80bb60000 - 0x00007ff80bbdf000 	C:\Windows\System32\bcryptPrimitives.dll
0x00007fffe4be0000 - 0x00007fffe4c05000 	C:\Program Files\BellSoft\LibericaJDK-17\bin\java.dll

dbghelp: loaded successfully - version: 4.0.5 - missing functions: none
symbol engine: initialized successfully - sym options: 0x614 - pdb path: .;C:\Program Files\BellSoft\LibericaJDK-17\bin;C:\Windows\SYSTEM32;C:\Windows\WinSxS\amd64_microsoft.windows.common-controls_6595b64144ccf1df_6.0.22000.120_none_9d947278b86cc467;C:\Program Files\BellSoft\LibericaJDK-17\bin\server

VM Arguments:
java_command: org.jetbrains.kotlin.cli.jvm.K2JVMCompiler @D:\koding\react-native\AwesomeProject\node_modules\@react-native\gradle-plugin\build\20230906_15466967152786642465.compiler.options
java_class_path (initial): C:\Users\JIMMY FERIAWAN\.gradle\caches\modules-2\files-2.1\org.jetbrains.kotlin\kotlin-compiler-embeddable\1.7.22\1a39d9a56c9d1618300cd3444f070a5399663403\kotlin-compiler-embeddable-1.7.22.jar;C:\Users\JIMMY FERIAWAN\.gradle\caches\modules-2\files-2.1\org.jetbrains.kotlin\kotlin-reflect\1.7.22\e61a16c5c838d324529a6aa72dfb88ea98958a29\kotlin-reflect-1.7.22.jar;C:\Users\JIMMY FERIAWAN\.gradle\caches\modules-2\files-2.1\org.jetbrains.kotlin\kotlin-stdlib\1.7.22\9fb43bccb6cf8cfaaf3776c75f5df4f052f09b72\kotlin-stdlib-1.7.22.jar;C:\Users\JIMMY FERIAWAN\.gradle\caches\modules-2\files-2.1\org.jetbrains.kotlin\kotlin-script-runtime\1.7.22\703a4d56168f3517532bc04481e3c8b751f685cb\kotlin-script-runtime-1.7.22.jar;C:\Users\JIMMY FERIAWAN\.gradle\caches\modules-2\files-2.1\org.jetbrains.kotlin\kotlin-daemon-embeddable\1.7.22\a4f231458e1bb6fffbb8e1224f97d20a3ecc9c83\kotlin-daemon-embeddable-1.7.22.jar;C:\Users\JIMMY FERIAWAN\.gradle\caches\modules-2\files-2.1\org.jetbrains.intellij.deps\trove4j\1.0.20200330\3afb14d5f9ceb459d724e907a21145e8ff394f02\trove4j-1.0.20200330.jar;C:\Users\JIMMY FERIAWAN\.gradle\caches\modules-2\files-2.1\net.java.dev.jna\jna\5.6.0\330f2244e9030119ab3030fc3fededc86713d9cc\jna-5.6.0.jar;C:\Users\JIMMY FERIAWAN\.gradle\caches\modules-2\files-2.1\org.jetbrains.kotlin\kotlin-stdlib-common\1.7.22\5dd2c9dcf64c94b46cf4bdb6fa4035b9bb726e2e\kotlin-stdlib-common-1.7.22.jar;C:\Users\JIMMY FERIAWAN\.gradle\caches\modules-2\files-2.1\org.jetbrains\annotations\13.0\919f0dfe192fb4e063e7dacadee7f8bb9a2672a9\annotations-13.0.jar
Launcher Type: SUN_STANDARD

[Global flags]
     intx CICompilerCount                          = 4                                         {product} {ergonomic}
     uint ConcGCThreads                            = 2                                         {product} {ergonomic}
     uint G1ConcRefinementThreads                  = 8                                         {product} {ergonomic}
   size_t G1HeapRegionSize                         = 1048576                                   {product} {ergonomic}
    uintx GCDrainStackTargetSize                   = 64                                        {product} {ergonomic}
   size_t InitialHeapSize                          = 132120576                                 {product} {ergonomic}
   size_t MarkStackSize                            = 4194304                                   {product} {ergonomic}
   size_t MaxHeapSize                              = 2095054848                                {product} {ergonomic}
   size_t MinHeapDeltaBytes                        = 1048576                                   {product} {ergonomic}
   size_t MinHeapSize                              = 8388608                                   {product} {ergonomic}
    uintx NonNMethodCodeHeapSize                   = 5839372                                {pd product} {ergonomic}
    uintx NonProfiledCodeHeapSize                  = 122909434                              {pd product} {ergonomic}
    uintx ProfiledCodeHeapSize                     = 122909434                              {pd product} {ergonomic}
    uintx ReservedCodeCacheSize                    = 251658240                              {pd product} {ergonomic}
     bool SegmentedCodeCache                       = true                                      {product} {ergonomic}
   size_t SoftMaxHeapSize                          = 2095054848                             {manageable} {ergonomic}
     bool UseCompressedClassPointers               = true                           {product lp64_product} {ergonomic}
     bool UseCompressedOops                        = true                           {product lp64_product} {ergonomic}
     bool UseG1GC                                  = true                                      {product} {ergonomic}
     bool UseLargePagesIndividualAllocation        = false                                  {pd product} {ergonomic}

Logging:
Log output configuration:
 #0: stdout all=warning uptime,level,tags
 #1: stderr all=off uptime,level,tags

Environment Variables:
JAVA_HOME=C:\Program Files\BellSoft\LibericaJDK-17
CLASSPATH=D:\koding\react-native\AwesomeProject\android\\gradle\wrapper\gradle-wrapper.jar
PATH=D:\koding\react-native\AwesomeProject\node_modules\.bin;D:\koding\react-native\node_modules\.bin;D:\koding\node_modules\.bin;D:\node_modules\.bin;C:\Users\JIMMY FERIAWAN\AppData\Roaming\npm\node_modules\npm\node_modules\@npmcli\run-script\lib\node-gyp-bin;C:\Python311\Scripts\;C:\Python311\;C:\Program Files\BellSoft\LibericaJDK-17\bin;C:\Windows\system32;C:\Windows;C:\Windows\System32\Wbem;C:\Windows\System32\WindowsPowerShell\v1.0\;C:\Windows\System32\OpenSSH\;C:\Program Files (x86)\NVIDIA Corporation\PhysX\Common;C:\Program Files\NVIDIA Corporation\NVIDIA NvDLISR;D:\Programs\apache-maven-3.8.5;C:\Program Files\VSCodium\bin;C:\Program Files\Git\cmd;C:\ProgramData\chocolatey\bin;D:\Programs\chromedriver_win32;D:\Programs\geckodriver-v0.31.0-win64;D:\Programs\xampp\php;C:\ProgramData\ComposerSetup\bin;D:\Programs\flutter_windows_3.0.4-stable\bin;D:\Programs\AppData\Local\Android\Sdk\tools\bin;D:\BNI\aplikasi\scrcpy-win64-v1.24;D:\Programs\VideoLan\VLC;C:\Program Files (x86)\dotnet\;D:\Programs\Micro Focus\UFT One\bin;D:\Programs\gradle-7.5.1\path;C:\Program Files\PuTTY\;C:\Program Files\Google\Chrome\Application;D:\Programs\apache-maven-3.8.5\bin;C:\Program Files (x86)\Bitvise SSH Client;C:\Program Files\nodejs\;C:\Program Files (x86)\Yarn\bin\;C:\Program Files\Microsoft VS Code\bin;C:\Program Files\Docker\Docker\resources\bin;C:\Users\JIMMY FERIAWAN\AppData\Local\Microsoft\WindowsApps;D:\Programs\apache-maven-3.8.5\bin;D:\Programs\JetBrains\IntelliJ IDEA Community Edition 2022.1.4\bin;;C:\Users\JIMMY FERIAWAN\AppData\Roaming\npm;D:\Programs\chromedriver_win32;D:\Programs\geckodriver-v0.31.0-win64;D:\Programs\xampp\php;C:\Users\JIMMY FERIAWAN\AppData\Roaming\Composer\vendor\bin;D:\Programs\flutter_windows_3.0.4-stable\bin;D:\BNI\aplikasi\scrcpy-win64-v1.24;D:\Programs\VideoLan\VLC;D:\Programs\JetBrains\IntelliJ IDEA 2022.1.4\bin;;C:\Users\JIMMY FERIAWAN\AppData\Local\GitHubDesktop\bin;D:\Programs\gradle-7.5.1\bin;C:\Program Files\Google\Chrome\Application;D:\Progra
USERNAME=JIMMY FERIAWAN
OS=Windows_NT
PROCESSOR_IDENTIFIER=Intel64 Family 6 Model 140 Stepping 1, GenuineIntel



---------------  S Y S T E M  ---------------

OS:
 Windows 11 , 64 bit Build 22000 (10.0.22000.2124)
OS uptime: 0 days 2:42 hours
Hyper-V role detected

CPU: total 8 (initial active 8) (4 cores per cpu, 2 threads per core) family 6 model 140 stepping 1 microcode 0x8a, cx8, cmov, fxsr, ht, mmx, 3dnowpref, sse, sse2, sse3, ssse3, sse4.1, sse4.2, popcnt, lzcnt, tsc, tscinvbit, avx, avx2, aes, erms, clmul, bmi1, bmi2, adx, avx512f, avx512dq, avx512cd, avx512bw, avx512vl, sha, fma, vzeroupper, avx512_vpopcntdq, avx512_vpclmulqdq, avx512_vaes, avx512_vnni, clflush, clflushopt, clwb, avx512_vbmi2, avx512_vbmi, hv

Memory: 4k page, system-wide physical 7991M (298M free)
TotalPageFile size 32567M (AvailPageFile size 924M)
current process WorkingSet (physical memory assigned to process): 12M, peak: 12M
current process commit charge ("private bytes"): 60M, peak: 61M

vm_info: OpenJDK 64-Bit Server VM (17.0.2+9-LTS) for windows-amd64 JRE (17.0.2+9-LTS), built on Jan 12 2022 05:21:12 by "" with MS VC++ 15.9 (VS2017)

END.
